Determining if the pthread_create exist failed with the following output:
Change Dir: /home/teeramoo/Desktop/ORB-slam-script/Point_cloud_segmentation/cloudVisualizer/CMakeFiles/CMakeTmp

Run Build Command:"/usr/bin/make" "cmTC_23e41/fast"
/usr/bin/make -f CMakeFiles/cmTC_23e41.dir/build.make CMakeFiles/cmTC_23e41.dir/build
make[1]: Entering directory '/home/teeramoo/Desktop/ORB-slam-script/Point_cloud_segmentation/cloudVisualizer/CMakeFiles/CMakeTmp'
Building C object CMakeFiles/cmTC_23e41.dir/CheckSymbolExists.c.o
/usr/bin/cc    -o CMakeFiles/cmTC_23e41.dir/CheckSymbolExists.c.o   -c /home/teeramoo/Desktop/ORB-slam-script/Point_cloud_segmentation/cloudVisualizer/CMakeFiles/CMakeTmp/CheckSymbolExists.c
Linking C executable cmTC_23e41
/home/teeramoo/.local/share/JetBrains/Toolbox/apps/CLion/ch-0/173.4127.32/bin/cmake/bin/cmake -E cmake_link_script CMakeFiles/cmTC_23e41.dir/link.txt --verbose=1
/usr/bin/cc      -rdynamic CMakeFiles/cmTC_23e41.dir/CheckSymbolExists.c.o  -o cmTC_23e41 
CMakeFiles/cmTC_23e41.dir/CheckSymbolExists.c.o: In function `main':
CheckSymbolExists.c:(.text+0x16): undefined reference to `pthread_create'
collect2: error: ld returned 1 exit status
CMakeFiles/cmTC_23e41.dir/build.make:97: recipe for target 'cmTC_23e41' failed
make[1]: *** [cmTC_23e41] Error 1
make[1]: Leaving directory '/home/teeramoo/Desktop/ORB-slam-script/Point_cloud_segmentation/cloudVisualizer/CMakeFiles/CMakeTmp'
Makefile:126: recipe for target 'cmTC_23e41/fast' failed
make: *** [cmTC_23e41/fast] Error 2

File /home/teeramoo/Desktop/ORB-slam-script/Point_cloud_segmentation/cloudVisualizer/CMakeFiles/CMakeTmp/CheckSymbolExists.c:
/* */
#include <pthread.h>

int main(int argc, char** argv)
{
  (void)argv;
#ifndef pthread_create
  return ((int*)(&pthread_create))[argc];
#else
  (void)argc;
  return 0;
#endif
}

Determining if the function pthread_create exists in the pthreads failed with the following output:
Change Dir: /home/teeramoo/Desktop/ORB-slam-script/Point_cloud_segmentation/cloudVisualizer/CMakeFiles/CMakeTmp

Run Build Command:"/usr/bin/make" "cmTC_4ec7f/fast"
/usr/bin/make -f CMakeFiles/cmTC_4ec7f.dir/build.make CMakeFiles/cmTC_4ec7f.dir/build
make[1]: Entering directory '/home/teeramoo/Desktop/ORB-slam-script/Point_cloud_segmentation/cloudVisualizer/CMakeFiles/CMakeTmp'
Building C object CMakeFiles/cmTC_4ec7f.dir/CheckFunctionExists.c.o
/usr/bin/cc   -DCHECK_FUNCTION_EXISTS=pthread_create   -o CMakeFiles/cmTC_4ec7f.dir/CheckFunctionExists.c.o   -c /home/teeramoo/.local/share/JetBrains/Toolbox/apps/CLion/ch-0/173.4127.32/bin/cmake/share/cmake-3.9/Modules/CheckFunctionExists.c
Linking C executable cmTC_4ec7f
/home/teeramoo/.local/share/JetBrains/Toolbox/apps/CLion/ch-0/173.4127.32/bin/cmake/bin/cmake -E cmake_link_script CMakeFiles/cmTC_4ec7f.dir/link.txt --verbose=1
/usr/bin/cc  -DCHECK_FUNCTION_EXISTS=pthread_create    -rdynamic CMakeFiles/cmTC_4ec7f.dir/CheckFunctionExists.c.o  -o cmTC_4ec7f -lpthreads 
/usr/bin/ld: cannot find -lpthreads
collect2: error: ld returned 1 exit status
CMakeFiles/cmTC_4ec7f.dir/build.make:97: recipe for target 'cmTC_4ec7f' failed
make[1]: *** [cmTC_4ec7f] Error 1
make[1]: Leaving directory '/home/teeramoo/Desktop/ORB-slam-script/Point_cloud_segmentation/cloudVisualizer/CMakeFiles/CMakeTmp'
Makefile:126: recipe for target 'cmTC_4ec7f/fast' failed
make: *** [cmTC_4ec7f/fast] Error 2


Determining if the pthread_create exist failed with the following output:
Change Dir: /home/teeramoo/Desktop/ORB-slam-script/Point_cloud_segmentation/cloudVisualizer/CMakeFiles/CMakeTmp

Run Build Command:"/usr/bin/make" "cmTC_24ac4/fast"
/usr/bin/make -f CMakeFiles/cmTC_24ac4.dir/build.make CMakeFiles/cmTC_24ac4.dir/build
make[1]: Entering directory '/home/teeramoo/Desktop/ORB-slam-script/Point_cloud_segmentation/cloudVisualizer/CMakeFiles/CMakeTmp'
Building C object CMakeFiles/cmTC_24ac4.dir/CheckSymbolExists.c.o
/usr/bin/cc    -o CMakeFiles/cmTC_24ac4.dir/CheckSymbolExists.c.o   -c /home/teeramoo/Desktop/ORB-slam-script/Point_cloud_segmentation/cloudVisualizer/CMakeFiles/CMakeTmp/CheckSymbolExists.c
Linking C executable cmTC_24ac4
/home/teeramoo/.local/share/JetBrains/Toolbox/apps/CLion/ch-0/173.4301.33/bin/cmake/bin/cmake -E cmake_link_script CMakeFiles/cmTC_24ac4.dir/link.txt --verbose=1
/usr/bin/cc      -rdynamic CMakeFiles/cmTC_24ac4.dir/CheckSymbolExists.c.o  -o cmTC_24ac4 
CMakeFiles/cmTC_24ac4.dir/CheckSymbolExists.c.o: In function `main':
CheckSymbolExists.c:(.text+0x16): undefined reference to `pthread_create'
collect2: error: ld returned 1 exit status
CMakeFiles/cmTC_24ac4.dir/build.make:97: recipe for target 'cmTC_24ac4' failed
make[1]: *** [cmTC_24ac4] Error 1
make[1]: Leaving directory '/home/teeramoo/Desktop/ORB-slam-script/Point_cloud_segmentation/cloudVisualizer/CMakeFiles/CMakeTmp'
Makefile:126: recipe for target 'cmTC_24ac4/fast' failed
make: *** [cmTC_24ac4/fast] Error 2

File /home/teeramoo/Desktop/ORB-slam-script/Point_cloud_segmentation/cloudVisualizer/CMakeFiles/CMakeTmp/CheckSymbolExists.c:
/* */
#include <pthread.h>

int main(int argc, char** argv)
{
  (void)argv;
#ifndef pthread_create
  return ((int*)(&pthread_create))[argc];
#else
  (void)argc;
  return 0;
#endif
}

Determining if the function pthread_create exists in the pthreads failed with the following output:
Change Dir: /home/teeramoo/Desktop/ORB-slam-script/Point_cloud_segmentation/cloudVisualizer/CMakeFiles/CMakeTmp

Run Build Command:"/usr/bin/make" "cmTC_19a6f/fast"
/usr/bin/make -f CMakeFiles/cmTC_19a6f.dir/build.make CMakeFiles/cmTC_19a6f.dir/build
make[1]: Entering directory '/home/teeramoo/Desktop/ORB-slam-script/Point_cloud_segmentation/cloudVisualizer/CMakeFiles/CMakeTmp'
Building C object CMakeFiles/cmTC_19a6f.dir/CheckFunctionExists.c.o
/usr/bin/cc   -DCHECK_FUNCTION_EXISTS=pthread_create   -o CMakeFiles/cmTC_19a6f.dir/CheckFunctionExists.c.o   -c /home/teeramoo/.local/share/JetBrains/Toolbox/apps/CLion/ch-0/173.4301.33/bin/cmake/share/cmake-3.9/Modules/CheckFunctionExists.c
Linking C executable cmTC_19a6f
/home/teeramoo/.local/share/JetBrains/Toolbox/apps/CLion/ch-0/173.4301.33/bin/cmake/bin/cmake -E cmake_link_script CMakeFiles/cmTC_19a6f.dir/link.txt --verbose=1
/usr/bin/cc  -DCHECK_FUNCTION_EXISTS=pthread_create    -rdynamic CMakeFiles/cmTC_19a6f.dir/CheckFunctionExists.c.o  -o cmTC_19a6f -lpthreads 
/usr/bin/ld: cannot find -lpthreads
collect2: error: ld returned 1 exit status
CMakeFiles/cmTC_19a6f.dir/build.make:97: recipe for target 'cmTC_19a6f' failed
make[1]: *** [cmTC_19a6f] Error 1
make[1]: Leaving directory '/home/teeramoo/Desktop/ORB-slam-script/Point_cloud_segmentation/cloudVisualizer/CMakeFiles/CMakeTmp'
Makefile:126: recipe for target 'cmTC_19a6f/fast' failed
make: *** [cmTC_19a6f/fast] Error 2


